<?xml version="1.0" encoding="UTF-8"?>
<!-- Generated by org.testng.reporters.JUnitReportReporter -->
<testsuite hostname="YazhmozhiSelvan" failures="0" tests="1" name="com.codiis.amazon.test.LaunchPageTest" time="46.579" errors="0" timestamp="2022-11-28T22:31:01 IST" skipped="0">
  <testcase classname="com.codiis.amazon.test.LaunchPageTest" name="ValidateSignIn" time="46.579"/>
  <system-out/>
</testsuite> <!-- com.codiis.amazon.test.LaunchPageTest -->
